

***********************************************************************
Fatal NI connect error 12514, connecting to:
 (DESCRIPTION=(CONNECT_DATA=(SERVICE_NAME=Akshay-PC)(CID=(PROGRAM=C:\Program?Files??x86?\Microsoft?Visual?Studio?10.0\Common7\IDE\devenv.exe)(HOST=AKSHAY-PC)(USER=Akshay)))(ADDRESS=(PROTOCOL=TCP)(HOST=192.168.0.100)(PORT=1521)))

  VERSION INFORMATION:
	TNS for 32-bit Windows: Version 10.2.0.3.0 - Production
	Windows NT TCP/IP NT Protocol Adapter for 32-bit Windows: Version 10.2.0.3.0 - Production
  Time: 03-JAN-2013 18:52:23
  Tracing not turned on.
  Tns error struct:
    ns main err code: 12564
    TNS-12564: TNS:connection refused
    ns secondary err code: 0
    nt main err code: 0
    nt secondary err code: 0
    nt OS err code: 0


***********************************************************************
Fatal NI connect error 12514, connecting to:
 (DESCRIPTION=(CONNECT_DATA=(SERVICE_NAME=AKSHAY-PC)(CID=(PROGRAM=C:\Program?Files??x86?\Microsoft?Visual?Studio?10.0\Common7\IDE\devenv.exe)(HOST=AKSHAY-PC)(USER=Akshay)))(ADDRESS=(PROTOCOL=TCP)(HOST=192.168.0.100)(PORT=1521)))

  VERSION INFORMATION:
	TNS for 32-bit Windows: Version 10.2.0.3.0 - Production
	Windows NT TCP/IP NT Protocol Adapter for 32-bit Windows: Version 10.2.0.3.0 - Production
  Time: 03-JAN-2013 18:54:08
  Tracing not turned on.
  Tns error struct:
    ns main err code: 12564
    TNS-12564: TNS:connection refused
    ns secondary err code: 0
    nt main err code: 0
    nt secondary err code: 0
    nt OS err code: 0


***********************************************************************
Fatal NI connect error 12514, connecting to:
 (DESCRIPTION=(CONNECT_DATA=(SERVICE_NAME=AKSHAY-PC)(CID=(PROGRAM=C:\Program?Files??x86?\Microsoft?Visual?Studio?10.0\Common7\IDE\devenv.exe)(HOST=AKSHAY-PC)(USER=Akshay)))(ADDRESS=(PROTOCOL=TCP)(HOST=192.168.0.100)(PORT=1521)))

  VERSION INFORMATION:
	TNS for 32-bit Windows: Version 10.2.0.3.0 - Production
	Windows NT TCP/IP NT Protocol Adapter for 32-bit Windows: Version 10.2.0.3.0 - Production
  Time: 03-JAN-2013 18:54:40
  Tracing not turned on.
  Tns error struct:
    ns main err code: 12564
    TNS-12564: TNS:connection refused
    ns secondary err code: 0
    nt main err code: 0
    nt secondary err code: 0
    nt OS err code: 0


***********************************************************************
Fatal NI connect error 12514, connecting to:
 (DESCRIPTION=(CONNECT_DATA=(SERVICE_NAME=AKSHAY-PC)(CID=(PROGRAM=C:\Program?Files??x86?\Microsoft?Visual?Studio?10.0\Common7\IDE\devenv.exe)(HOST=AKSHAY-PC)(USER=Akshay)))(ADDRESS=(PROTOCOL=TCP)(HOST=192.168.0.100)(PORT=1521)))

  VERSION INFORMATION:
	TNS for 32-bit Windows: Version 10.2.0.3.0 - Production
	Windows NT TCP/IP NT Protocol Adapter for 32-bit Windows: Version 10.2.0.3.0 - Production
  Time: 03-JAN-2013 19:44:20
  Tracing not turned on.
  Tns error struct:
    ns main err code: 12564
    TNS-12564: TNS:connection refused
    ns secondary err code: 0
    nt main err code: 0
    nt secondary err code: 0
    nt OS err code: 0


***********************************************************************
Fatal NI connect error 12514, connecting to:
 (DESCRIPTION=(CONNECT_DATA=(SERVICE_NAME=AKSHAY-PC)(CID=(PROGRAM=C:\Program?Files??x86?\Microsoft?Visual?Studio?10.0\Common7\IDE\devenv.exe)(HOST=AKSHAY-PC)(USER=Akshay)))(ADDRESS=(PROTOCOL=TCP)(HOST=192.168.0.100)(PORT=1521)))

  VERSION INFORMATION:
	TNS for 32-bit Windows: Version 10.2.0.3.0 - Production
	Windows NT TCP/IP NT Protocol Adapter for 32-bit Windows: Version 10.2.0.3.0 - Production
  Time: 03-JAN-2013 19:44:28
  Tracing not turned on.
  Tns error struct:
    ns main err code: 12564
    TNS-12564: TNS:connection refused
    ns secondary err code: 0
    nt main err code: 0
    nt secondary err code: 0
    nt OS err code: 0
